{"/home/legato/Documentos/Programación/Personal/Backend + Frontend/Memory-Game-2/express-backend/src/app.ts": {"path":"/home/legato/Documentos/Programación/Personal/Backend + Frontend/Memory-Game-2/express-backend/src/app.ts","all":false,"statementMap":{"1":{"start":{"line":2,"column":0},"end":{"line":2,"column":30}},"2":{"start":{"line":3,"column":0},"end":{"line":3,"column":24}},"3":{"start":{"line":4,"column":0},"end":{"line":4,"column":28}},"4":{"start":{"line":5,"column":0},"end":{"line":5,"column":28}},"5":{"start":{"line":6,"column":0},"end":{"line":6,"column":24}},"6":{"start":{"line":7,"column":0},"end":{"line":7,"column":47}},"7":{"start":{"line":8,"column":0},"end":{"line":8,"column":61}},"8":{"start":{"line":9,"column":0},"end":{"line":9,"column":53}},"9":{"start":{"line":10,"column":0},"end":{"line":10,"column":45}},"11":{"start":{"line":12,"column":0},"end":{"line":12,"column":16}},"13":{"start":{"line":14,"column":0},"end":{"line":14,"column":22}},"15":{"start":{"line":16,"column":0},"end":{"line":16,"column":8}},"16":{"start":{"line":17,"column":0},"end":{"line":17,"column":8}},"17":{"start":{"line":18,"column":0},"end":{"line":18,"column":67}},"18":{"start":{"line":19,"column":0},"end":{"line":19,"column":4}},"19":{"start":{"line":20,"column":0},"end":{"line":20,"column":2}},"21":{"start":{"line":22,"column":0},"end":{"line":22,"column":23}},"22":{"start":{"line":23,"column":0},"end":{"line":23,"column":24}},"25":{"start":{"line":26,"column":0},"end":{"line":26,"column":8}},"26":{"start":{"line":27,"column":0},"end":{"line":27,"column":27}},"27":{"start":{"line":28,"column":0},"end":{"line":28,"column":79}},"28":{"start":{"line":29,"column":0},"end":{"line":29,"column":2}},"30":{"start":{"line":31,"column":0},"end":{"line":31,"column":23}},"33":{"start":{"line":34,"column":0},"end":{"line":34,"column":36}},"34":{"start":{"line":35,"column":0},"end":{"line":35,"column":50}},"35":{"start":{"line":36,"column":0},"end":{"line":36,"column":42}},"37":{"start":{"line":38,"column":0},"end":{"line":38,"column":19}}},"s":{"1":1,"2":1,"3":1,"4":1,"5":1,"6":1,"7":1,"8":1,"9":1,"11":1,"13":1,"15":1,"16":1,"17":1,"18":1,"19":1,"21":1,"22":1,"25":1,"26":1,"27":1,"28":1,"30":1,"33":1,"34":1,"35":1,"37":1},"branchMap":{},"b":{},"fnMap":{},"f":{}}
,"/home/legato/Documentos/Programación/Personal/Backend + Frontend/Memory-Game-2/express-backend/src/config/multer.ts": {"path":"/home/legato/Documentos/Programación/Personal/Backend + Frontend/Memory-Game-2/express-backend/src/config/multer.ts","all":false,"statementMap":{"0":{"start":{"line":1,"column":0},"end":{"line":1,"column":28}},"1":{"start":{"line":2,"column":0},"end":{"line":2,"column":24}},"2":{"start":{"line":3,"column":0},"end":{"line":3,"column":20}},"3":{"start":{"line":4,"column":0},"end":{"line":4,"column":46}},"6":{"start":{"line":7,"column":0},"end":{"line":7,"column":80}},"9":{"start":{"line":10,"column":0},"end":{"line":10,"column":45}},"11":{"start":{"line":12,"column":0},"end":{"line":12,"column":36}},"12":{"start":{"line":13,"column":0},"end":{"line":13,"column":37}},"13":{"start":{"line":14,"column":0},"end":{"line":14,"column":24}},"14":{"start":{"line":15,"column":0},"end":{"line":15,"column":4}},"15":{"start":{"line":16,"column":0},"end":{"line":16,"column":33}},"16":{"start":{"line":17,"column":0},"end":{"line":17,"column":48}},"17":{"start":{"line":18,"column":0},"end":{"line":18,"column":76}},"18":{"start":{"line":19,"column":0},"end":{"line":19,"column":44}},"19":{"start":{"line":20,"column":0},"end":{"line":20,"column":4}},"20":{"start":{"line":21,"column":0},"end":{"line":21,"column":3}},"22":{"start":{"line":23,"column":0},"end":{"line":23,"column":20}},"23":{"start":{"line":24,"column":0},"end":{"line":24,"column":12}},"24":{"start":{"line":25,"column":0},"end":{"line":25,"column":28}},"25":{"start":{"line":26,"column":0},"end":{"line":26,"column":31}},"26":{"start":{"line":27,"column":0},"end":{"line":27,"column":6}},"27":{"start":{"line":28,"column":0},"end":{"line":28,"column":36}},"28":{"start":{"line":29,"column":0},"end":{"line":29,"column":49}},"30":{"start":{"line":31,"column":0},"end":{"line":31,"column":19}},"31":{"start":{"line":32,"column":0},"end":{"line":32,"column":2}},"33":{"start":{"line":34,"column":0},"end":{"line":34,"column":16}},"34":{"start":{"line":35,"column":0},"end":{"line":35,"column":35}},"35":{"start":{"line":36,"column":0},"end":{"line":36,"column":2}},"37":{"start":{"line":38,"column":0},"end":{"line":38,"column":60}},"39":{"start":{"line":40,"column":0},"end":{"line":40,"column":27}}},"s":{"0":1,"1":1,"2":1,"3":1,"6":1,"9":1,"11":1,"12":1,"13":2,"14":2,"15":1,"16":2,"17":2,"18":2,"19":2,"20":1,"22":1,"23":2,"24":2,"25":2,"26":2,"27":2,"28":2,"30":2,"31":2,"33":1,"34":1,"35":1,"37":1,"39":1},"branchMap":{"0":{"type":"branch","line":13,"loc":{"start":{"line":13,"column":15},"end":{"line":15,"column":4}},"locations":[{"start":{"line":13,"column":15},"end":{"line":15,"column":4}}]},"1":{"type":"branch","line":16,"loc":{"start":{"line":16,"column":12},"end":{"line":20,"column":4}},"locations":[{"start":{"line":16,"column":12},"end":{"line":20,"column":4}}]},"2":{"type":"branch","line":23,"loc":{"start":{"line":23,"column":19},"end":{"line":32,"column":2}},"locations":[{"start":{"line":23,"column":19},"end":{"line":32,"column":2}}]},"3":{"type":"branch","line":29,"loc":{"start":{"line":29,"column":4},"end":{"line":29,"column":49}},"locations":[{"start":{"line":29,"column":4},"end":{"line":29,"column":49}}]}},"b":{"0":[2],"1":[2],"2":[2],"3":[0]},"fnMap":{"0":{"name":"destination","decl":{"start":{"line":13,"column":15},"end":{"line":15,"column":4}},"loc":{"start":{"line":13,"column":15},"end":{"line":15,"column":4}},"line":13},"1":{"name":"filename","decl":{"start":{"line":16,"column":12},"end":{"line":20,"column":4}},"loc":{"start":{"line":16,"column":12},"end":{"line":20,"column":4}},"line":16},"2":{"name":"fileFilter","decl":{"start":{"line":23,"column":19},"end":{"line":32,"column":2}},"loc":{"start":{"line":23,"column":19},"end":{"line":32,"column":2}},"line":23}},"f":{"0":2,"1":2,"2":2}}
,"/home/legato/Documentos/Programación/Personal/Backend + Frontend/Memory-Game-2/express-backend/src/controllers/coverController.ts": {"path":"/home/legato/Documentos/Programación/Personal/Backend + Frontend/Memory-Game-2/express-backend/src/controllers/coverController.ts","all":false,"statementMap":{"5":{"start":{"line":6,"column":0},"end":{"line":6,"column":26}},"6":{"start":{"line":7,"column":0},"end":{"line":7,"column":74}},"7":{"start":{"line":8,"column":0},"end":{"line":8,"column":9}},"8":{"start":{"line":9,"column":0},"end":{"line":9,"column":36}},"10":{"start":{"line":11,"column":0},"end":{"line":11,"column":20}},"11":{"start":{"line":12,"column":0},"end":{"line":12,"column":68}},"13":{"start":{"line":14,"column":0},"end":{"line":14,"column":20}},"14":{"start":{"line":15,"column":0},"end":{"line":15,"column":72}},"16":{"start":{"line":17,"column":0},"end":{"line":17,"column":61}},"17":{"start":{"line":18,"column":0},"end":{"line":18,"column":17}},"18":{"start":{"line":19,"column":0},"end":{"line":19,"column":25}},"19":{"start":{"line":20,"column":0},"end":{"line":20,"column":8}},"21":{"start":{"line":22,"column":0},"end":{"line":22,"column":48}},"22":{"start":{"line":23,"column":0},"end":{"line":23,"column":19}},"23":{"start":{"line":24,"column":0},"end":{"line":24,"column":53}},"25":{"start":{"line":26,"column":0},"end":{"line":26,"column":31}},"26":{"start":{"line":27,"column":0},"end":{"line":27,"column":60}},"28":{"start":{"line":29,"column":0},"end":{"line":29,"column":69}},"29":{"start":{"line":30,"column":0},"end":{"line":30,"column":5}},"30":{"start":{"line":31,"column":0},"end":{"line":31,"column":4}}},"s":{"5":1,"6":1,"7":8,"8":8,"10":8,"11":8,"13":6,"14":6,"16":4,"17":4,"18":4,"19":4,"21":2,"22":8,"23":2,"25":2,"26":2,"28":1,"29":1,"30":8},"branchMap":{"0":{"type":"branch","line":7,"loc":{"start":{"line":7,"column":2},"end":{"line":31,"column":4}},"locations":[{"start":{"line":7,"column":2},"end":{"line":31,"column":4}}]},"1":{"type":"branch","line":7,"loc":{"start":{"line":7,"column":34},"end":{"line":31,"column":4}},"locations":[{"start":{"line":7,"column":34},"end":{"line":31,"column":4}}]},"2":{"type":"branch","line":12,"loc":{"start":{"line":12,"column":8},"end":{"line":12,"column":68}},"locations":[{"start":{"line":12,"column":8},"end":{"line":12,"column":68}}]},"3":{"type":"branch","line":12,"loc":{"start":{"line":12,"column":66},"end":{"line":23,"column":13}},"locations":[{"start":{"line":12,"column":66},"end":{"line":23,"column":13}}]},"4":{"type":"branch","line":15,"loc":{"start":{"line":15,"column":8},"end":{"line":15,"column":72}},"locations":[{"start":{"line":15,"column":8},"end":{"line":15,"column":72}}]},"5":{"type":"branch","line":15,"loc":{"start":{"line":15,"column":70},"end":{"line":20,"column":8}},"locations":[{"start":{"line":15,"column":70},"end":{"line":20,"column":8}}]},"6":{"type":"branch","line":20,"loc":{"start":{"line":20,"column":6},"end":{"line":23,"column":13}},"locations":[{"start":{"line":20,"column":6},"end":{"line":23,"column":13}}]},"7":{"type":"branch","line":23,"loc":{"start":{"line":23,"column":4},"end":{"line":30,"column":5}},"locations":[{"start":{"line":23,"column":4},"end":{"line":30,"column":5}}]},"8":{"type":"branch","line":27,"loc":{"start":{"line":27,"column":8},"end":{"line":30,"column":5}},"locations":[{"start":{"line":27,"column":8},"end":{"line":30,"column":5}}]}},"b":{"0":[8],"1":[8],"2":[2],"3":[6],"4":[2],"5":[4],"6":[2],"7":[2],"8":[1]},"fnMap":{"0":{"name":"uploadCover","decl":{"start":{"line":7,"column":2},"end":{"line":31,"column":4}},"loc":{"start":{"line":7,"column":2},"end":{"line":31,"column":4}},"line":7}},"f":{"0":8}}
,"/home/legato/Documentos/Programación/Personal/Backend + Frontend/Memory-Game-2/express-backend/src/controllers/recordController.ts": {"path":"/home/legato/Documentos/Programación/Personal/Backend + Frontend/Memory-Game-2/express-backend/src/controllers/recordController.ts","all":false,"statementMap":{"9":{"start":{"line":10,"column":0},"end":{"line":10,"column":25}},"10":{"start":{"line":11,"column":0},"end":{"line":11,"column":76}},"11":{"start":{"line":12,"column":0},"end":{"line":12,"column":9}},"12":{"start":{"line":13,"column":0},"end":{"line":13,"column":62}},"13":{"start":{"line":14,"column":0},"end":{"line":14,"column":69}},"14":{"start":{"line":15,"column":0},"end":{"line":15,"column":75}},"15":{"start":{"line":16,"column":0},"end":{"line":16,"column":24}},"16":{"start":{"line":17,"column":0},"end":{"line":17,"column":58}},"17":{"start":{"line":18,"column":0},"end":{"line":18,"column":5}},"18":{"start":{"line":19,"column":0},"end":{"line":19,"column":4}},"24":{"start":{"line":25,"column":0},"end":{"line":25,"column":28}},"25":{"start":{"line":26,"column":0},"end":{"line":26,"column":77}},"26":{"start":{"line":27,"column":0},"end":{"line":27,"column":9}},"27":{"start":{"line":28,"column":0},"end":{"line":28,"column":58}},"28":{"start":{"line":29,"column":0},"end":{"line":29,"column":31}},"29":{"start":{"line":30,"column":0},"end":{"line":30,"column":24}},"30":{"start":{"line":31,"column":0},"end":{"line":31,"column":58}},"31":{"start":{"line":32,"column":0},"end":{"line":32,"column":5}},"32":{"start":{"line":33,"column":0},"end":{"line":33,"column":4}},"38":{"start":{"line":39,"column":0},"end":{"line":39,"column":32}},"39":{"start":{"line":40,"column":0},"end":{"line":40,"column":76}},"40":{"start":{"line":41,"column":0},"end":{"line":41,"column":9}},"41":{"start":{"line":42,"column":0},"end":{"line":42,"column":34}},"42":{"start":{"line":43,"column":0},"end":{"line":43,"column":44}},"43":{"start":{"line":44,"column":0},"end":{"line":44,"column":68}},"45":{"start":{"line":46,"column":0},"end":{"line":46,"column":65}},"46":{"start":{"line":47,"column":0},"end":{"line":47,"column":79}},"47":{"start":{"line":48,"column":0},"end":{"line":48,"column":23}},"48":{"start":{"line":49,"column":0},"end":{"line":49,"column":19}},"49":{"start":{"line":50,"column":0},"end":{"line":50,"column":67}},"50":{"start":{"line":51,"column":0},"end":{"line":51,"column":5}},"51":{"start":{"line":52,"column":0},"end":{"line":52,"column":4}}},"s":{"9":1,"10":1,"11":6,"12":6,"13":6,"14":2,"15":2,"16":2,"17":2,"18":6,"24":1,"25":1,"26":3,"27":3,"28":2,"29":2,"30":1,"31":1,"32":3,"38":1,"39":1,"40":6,"41":6,"42":6,"43":6,"45":5,"46":6,"47":2,"48":3,"49":1,"50":1,"51":6},"branchMap":{"0":{"type":"branch","line":11,"loc":{"start":{"line":11,"column":2},"end":{"line":19,"column":4}},"locations":[{"start":{"line":11,"column":2},"end":{"line":19,"column":4}}]},"1":{"type":"branch","line":11,"loc":{"start":{"line":11,"column":36},"end":{"line":19,"column":4}},"locations":[{"start":{"line":11,"column":36},"end":{"line":19,"column":4}}]},"2":{"type":"branch","line":13,"loc":{"start":{"line":13,"column":60},"end":{"line":14,"column":31}},"locations":[{"start":{"line":13,"column":60},"end":{"line":14,"column":31}}]},"3":{"type":"branch","line":14,"loc":{"start":{"line":14,"column":24},"end":{"line":18,"column":5}},"locations":[{"start":{"line":14,"column":24},"end":{"line":18,"column":5}}]},"4":{"type":"branch","line":26,"loc":{"start":{"line":26,"column":2},"end":{"line":33,"column":4}},"locations":[{"start":{"line":26,"column":2},"end":{"line":33,"column":4}}]},"5":{"type":"branch","line":26,"loc":{"start":{"line":26,"column":36},"end":{"line":33,"column":4}},"locations":[{"start":{"line":26,"column":36},"end":{"line":33,"column":4}}]},"6":{"type":"branch","line":28,"loc":{"start":{"line":28,"column":56},"end":{"line":32,"column":5}},"locations":[{"start":{"line":28,"column":56},"end":{"line":32,"column":5}}]},"7":{"type":"branch","line":30,"loc":{"start":{"line":30,"column":4},"end":{"line":32,"column":5}},"locations":[{"start":{"line":30,"column":4},"end":{"line":32,"column":5}}]},"8":{"type":"branch","line":40,"loc":{"start":{"line":40,"column":2},"end":{"line":52,"column":4}},"locations":[{"start":{"line":40,"column":2},"end":{"line":52,"column":4}}]},"9":{"type":"branch","line":40,"loc":{"start":{"line":40,"column":36},"end":{"line":52,"column":4}},"locations":[{"start":{"line":40,"column":36},"end":{"line":52,"column":4}}]},"10":{"type":"branch","line":44,"loc":{"start":{"line":44,"column":8},"end":{"line":44,"column":68}},"locations":[{"start":{"line":44,"column":8},"end":{"line":44,"column":68}}]},"11":{"type":"branch","line":44,"loc":{"start":{"line":44,"column":66},"end":{"line":46,"column":65}},"locations":[{"start":{"line":44,"column":66},"end":{"line":46,"column":65}}]},"12":{"type":"branch","line":46,"loc":{"start":{"line":46,"column":63},"end":{"line":47,"column":26}},"locations":[{"start":{"line":46,"column":63},"end":{"line":47,"column":26}}]},"13":{"type":"branch","line":47,"loc":{"start":{"line":47,"column":19},"end":{"line":51,"column":5}},"locations":[{"start":{"line":47,"column":19},"end":{"line":51,"column":5}}]},"14":{"type":"branch","line":47,"loc":{"start":{"line":47,"column":19},"end":{"line":49,"column":13}},"locations":[{"start":{"line":47,"column":19},"end":{"line":49,"column":13}}]},"15":{"type":"branch","line":49,"loc":{"start":{"line":49,"column":4},"end":{"line":51,"column":5}},"locations":[{"start":{"line":49,"column":4},"end":{"line":51,"column":5}}]}},"b":{"0":[6],"1":[6],"2":[4],"3":[2],"4":[5],"5":[3],"6":[2],"7":[1],"8":[7],"9":[6],"10":[1],"11":[5],"12":[4],"13":[3],"14":[2],"15":[1]},"fnMap":{"0":{"name":"saveRecord","decl":{"start":{"line":11,"column":2},"end":{"line":19,"column":4}},"loc":{"start":{"line":11,"column":2},"end":{"line":19,"column":4}},"line":11},"1":{"name":"getTopRecords","decl":{"start":{"line":26,"column":2},"end":{"line":33,"column":4}},"loc":{"start":{"line":26,"column":2},"end":{"line":33,"column":4}},"line":26},"2":{"name":"getBestUserRecord","decl":{"start":{"line":40,"column":2},"end":{"line":52,"column":4}},"loc":{"start":{"line":40,"column":2},"end":{"line":52,"column":4}},"line":40}},"f":{"0":6,"1":5,"2":7}}
,"/home/legato/Documentos/Programación/Personal/Backend + Frontend/Memory-Game-2/express-backend/src/controllers/userSettingsController.ts": {"path":"/home/legato/Documentos/Programación/Personal/Backend + Frontend/Memory-Game-2/express-backend/src/controllers/userSettingsController.ts","all":false,"statementMap":{"5":{"start":{"line":6,"column":0},"end":{"line":6,"column":27}},"6":{"start":{"line":7,"column":0},"end":{"line":7,"column":76}},"7":{"start":{"line":8,"column":0},"end":{"line":8,"column":9}},"8":{"start":{"line":9,"column":0},"end":{"line":9,"column":72}},"9":{"start":{"line":10,"column":0},"end":{"line":10,"column":44}},"10":{"start":{"line":11,"column":0},"end":{"line":11,"column":24}},"11":{"start":{"line":12,"column":0},"end":{"line":12,"column":58}},"12":{"start":{"line":13,"column":0},"end":{"line":13,"column":5}},"13":{"start":{"line":14,"column":0},"end":{"line":14,"column":4}},"16":{"start":{"line":17,"column":0},"end":{"line":17,"column":34}},"17":{"start":{"line":18,"column":0},"end":{"line":18,"column":77}},"18":{"start":{"line":19,"column":0},"end":{"line":19,"column":9}},"19":{"start":{"line":20,"column":0},"end":{"line":20,"column":61}},"20":{"start":{"line":21,"column":0},"end":{"line":21,"column":52}},"21":{"start":{"line":22,"column":0},"end":{"line":22,"column":24}},"22":{"start":{"line":23,"column":0},"end":{"line":23,"column":58}},"23":{"start":{"line":24,"column":0},"end":{"line":24,"column":5}},"24":{"start":{"line":25,"column":0},"end":{"line":25,"column":4}},"27":{"start":{"line":28,"column":0},"end":{"line":28,"column":30}},"28":{"start":{"line":29,"column":0},"end":{"line":29,"column":76}},"29":{"start":{"line":30,"column":0},"end":{"line":30,"column":9}},"30":{"start":{"line":31,"column":0},"end":{"line":31,"column":35}},"31":{"start":{"line":32,"column":0},"end":{"line":32,"column":52}},"32":{"start":{"line":33,"column":0},"end":{"line":33,"column":46}},"33":{"start":{"line":34,"column":0},"end":{"line":34,"column":24}},"34":{"start":{"line":35,"column":0},"end":{"line":35,"column":58}},"35":{"start":{"line":36,"column":0},"end":{"line":36,"column":5}},"36":{"start":{"line":37,"column":0},"end":{"line":37,"column":4}},"39":{"start":{"line":40,"column":0},"end":{"line":40,"column":30}},"40":{"start":{"line":41,"column":0},"end":{"line":41,"column":76}},"41":{"start":{"line":42,"column":0},"end":{"line":42,"column":9}},"42":{"start":{"line":43,"column":0},"end":{"line":43,"column":35}},"43":{"start":{"line":44,"column":0},"end":{"line":44,"column":65}},"44":{"start":{"line":45,"column":0},"end":{"line":45,"column":44}},"45":{"start":{"line":46,"column":0},"end":{"line":46,"column":24}},"46":{"start":{"line":47,"column":0},"end":{"line":47,"column":58}},"47":{"start":{"line":48,"column":0},"end":{"line":48,"column":5}},"48":{"start":{"line":49,"column":0},"end":{"line":49,"column":4}}},"s":{"5":1,"6":1,"7":3,"8":3,"9":2,"10":2,"11":1,"12":1,"13":3,"16":1,"17":1,"18":4,"19":4,"20":4,"21":4,"22":1,"23":1,"24":4,"27":1,"28":1,"29":5,"30":5,"31":5,"32":4,"33":5,"34":1,"35":1,"36":5,"39":1,"40":1,"41":5,"42":5,"43":5,"44":4,"45":5,"46":1,"47":1,"48":5},"branchMap":{"0":{"type":"branch","line":7,"loc":{"start":{"line":7,"column":2},"end":{"line":14,"column":4}},"locations":[{"start":{"line":7,"column":2},"end":{"line":14,"column":4}}]},"1":{"type":"branch","line":7,"loc":{"start":{"line":7,"column":36},"end":{"line":14,"column":4}},"locations":[{"start":{"line":7,"column":36},"end":{"line":14,"column":4}}]},"2":{"type":"branch","line":9,"loc":{"start":{"line":9,"column":70},"end":{"line":13,"column":5}},"locations":[{"start":{"line":9,"column":70},"end":{"line":13,"column":5}}]},"3":{"type":"branch","line":11,"loc":{"start":{"line":11,"column":4},"end":{"line":13,"column":5}},"locations":[{"start":{"line":11,"column":4},"end":{"line":13,"column":5}}]},"4":{"type":"branch","line":18,"loc":{"start":{"line":18,"column":2},"end":{"line":25,"column":4}},"locations":[{"start":{"line":18,"column":2},"end":{"line":25,"column":4}}]},"5":{"type":"branch","line":18,"loc":{"start":{"line":18,"column":36},"end":{"line":25,"column":4}},"locations":[{"start":{"line":18,"column":36},"end":{"line":25,"column":4}}]},"6":{"type":"branch","line":20,"loc":{"start":{"line":20,"column":59},"end":{"line":21,"column":46}},"locations":[{"start":{"line":20,"column":59},"end":{"line":21,"column":46}}]},"7":{"type":"branch","line":21,"loc":{"start":{"line":21,"column":34},"end":{"line":21,"column":50}},"locations":[{"start":{"line":21,"column":34},"end":{"line":21,"column":50}}]},"8":{"type":"branch","line":22,"loc":{"start":{"line":22,"column":4},"end":{"line":24,"column":5}},"locations":[{"start":{"line":22,"column":4},"end":{"line":24,"column":5}}]},"9":{"type":"branch","line":29,"loc":{"start":{"line":29,"column":2},"end":{"line":37,"column":4}},"locations":[{"start":{"line":29,"column":2},"end":{"line":37,"column":4}}]},"10":{"type":"branch","line":29,"loc":{"start":{"line":29,"column":36},"end":{"line":37,"column":4}},"locations":[{"start":{"line":29,"column":36},"end":{"line":37,"column":4}}]},"11":{"type":"branch","line":32,"loc":{"start":{"line":32,"column":50},"end":{"line":34,"column":13}},"locations":[{"start":{"line":32,"column":50},"end":{"line":34,"column":13}}]},"12":{"type":"branch","line":34,"loc":{"start":{"line":34,"column":4},"end":{"line":36,"column":5}},"locations":[{"start":{"line":34,"column":4},"end":{"line":36,"column":5}}]},"13":{"type":"branch","line":41,"loc":{"start":{"line":41,"column":2},"end":{"line":49,"column":4}},"locations":[{"start":{"line":41,"column":2},"end":{"line":49,"column":4}}]},"14":{"type":"branch","line":41,"loc":{"start":{"line":41,"column":36},"end":{"line":49,"column":4}},"locations":[{"start":{"line":41,"column":36},"end":{"line":49,"column":4}}]},"15":{"type":"branch","line":44,"loc":{"start":{"line":44,"column":63},"end":{"line":46,"column":13}},"locations":[{"start":{"line":44,"column":63},"end":{"line":46,"column":13}}]},"16":{"type":"branch","line":46,"loc":{"start":{"line":46,"column":4},"end":{"line":48,"column":5}},"locations":[{"start":{"line":46,"column":4},"end":{"line":48,"column":5}}]}},"b":{"0":[5],"1":[3],"2":[2],"3":[1],"4":[6],"5":[4],"6":[3],"7":[1],"8":[1],"9":[6],"10":[5],"11":[4],"12":[1],"13":[6],"14":[5],"15":[4],"16":[1]},"fnMap":{"0":{"name":"saveSettings","decl":{"start":{"line":7,"column":2},"end":{"line":14,"column":4}},"loc":{"start":{"line":7,"column":2},"end":{"line":14,"column":4}},"line":7},"1":{"name":"fetchLatestSettings","decl":{"start":{"line":18,"column":2},"end":{"line":25,"column":4}},"loc":{"start":{"line":18,"column":2},"end":{"line":25,"column":4}},"line":18},"2":{"name":"checkUserExists","decl":{"start":{"line":29,"column":2},"end":{"line":37,"column":4}},"loc":{"start":{"line":29,"column":2},"end":{"line":37,"column":4}},"line":29},"3":{"name":"fetchUserByName","decl":{"start":{"line":41,"column":2},"end":{"line":49,"column":4}},"loc":{"start":{"line":41,"column":2},"end":{"line":49,"column":4}},"line":41}},"f":{"0":5,"1":6,"2":6,"3":6}}
,"/home/legato/Documentos/Programación/Personal/Backend + Frontend/Memory-Game-2/express-backend/src/providers/coverServiceProvider.ts": {"path":"/home/legato/Documentos/Programación/Personal/Backend + Frontend/Memory-Game-2/express-backend/src/providers/coverServiceProvider.ts","all":false,"statementMap":{"2":{"start":{"line":3,"column":0},"end":{"line":3,"column":67}},"3":{"start":{"line":4,"column":0},"end":{"line":4,"column":77}},"5":{"start":{"line":6,"column":0},"end":{"line":6,"column":57}},"7":{"start":{"line":8,"column":0},"end":{"line":8,"column":55}},"8":{"start":{"line":9,"column":0},"end":{"line":9,"column":2}}},"s":{"2":1,"3":1,"5":1,"7":3,"8":3},"branchMap":{"0":{"type":"branch","line":6,"loc":{"start":{"line":6,"column":36},"end":{"line":9,"column":2}},"locations":[{"start":{"line":6,"column":36},"end":{"line":9,"column":2}}]}},"b":{"0":[3]},"fnMap":{"0":{"name":"coverServiceProvider","decl":{"start":{"line":6,"column":36},"end":{"line":9,"column":2}},"loc":{"start":{"line":6,"column":36},"end":{"line":9,"column":2}},"line":6}},"f":{"0":3}}
,"/home/legato/Documentos/Programación/Personal/Backend + Frontend/Memory-Game-2/express-backend/src/providers/recordServiceProvider.ts": {"path":"/home/legato/Documentos/Programación/Personal/Backend + Frontend/Memory-Game-2/express-backend/src/providers/recordServiceProvider.ts","all":false,"statementMap":{"2":{"start":{"line":3,"column":0},"end":{"line":3,"column":69}},"3":{"start":{"line":4,"column":0},"end":{"line":4,"column":79}},"5":{"start":{"line":6,"column":0},"end":{"line":6,"column":59}},"6":{"start":{"line":7,"column":0},"end":{"line":7,"column":57}},"7":{"start":{"line":8,"column":0},"end":{"line":8,"column":2}}},"s":{"2":1,"3":1,"5":1,"6":2,"7":2},"branchMap":{"0":{"type":"branch","line":6,"loc":{"start":{"line":6,"column":37},"end":{"line":8,"column":2}},"locations":[{"start":{"line":6,"column":37},"end":{"line":8,"column":2}}]}},"b":{"0":[2]},"fnMap":{"0":{"name":"recordServiceProvider","decl":{"start":{"line":6,"column":37},"end":{"line":8,"column":2}},"loc":{"start":{"line":6,"column":37},"end":{"line":8,"column":2}},"line":6}},"f":{"0":2}}
,"/home/legato/Documentos/Programación/Personal/Backend + Frontend/Memory-Game-2/express-backend/src/providers/userSettingsServiceProvider.ts": {"path":"/home/legato/Documentos/Programación/Personal/Backend + Frontend/Memory-Game-2/express-backend/src/providers/userSettingsServiceProvider.ts","all":false,"statementMap":{"2":{"start":{"line":3,"column":0},"end":{"line":3,"column":81}},"3":{"start":{"line":4,"column":0},"end":{"line":4,"column":91}},"5":{"start":{"line":6,"column":0},"end":{"line":6,"column":71}},"6":{"start":{"line":7,"column":0},"end":{"line":7,"column":69}},"7":{"start":{"line":8,"column":0},"end":{"line":8,"column":2}}},"s":{"2":1,"3":1,"5":1,"6":2,"7":2},"branchMap":{"0":{"type":"branch","line":6,"loc":{"start":{"line":6,"column":43},"end":{"line":8,"column":2}},"locations":[{"start":{"line":6,"column":43},"end":{"line":8,"column":2}}]}},"b":{"0":[2]},"fnMap":{"0":{"name":"userSettingsServiceProvider","decl":{"start":{"line":6,"column":43},"end":{"line":8,"column":2}},"loc":{"start":{"line":6,"column":43},"end":{"line":8,"column":2}},"line":6}},"f":{"0":2}}
,"/home/legato/Documentos/Programación/Personal/Backend + Frontend/Memory-Game-2/express-backend/src/repositories/impl/CoverRepositoryImp.ts": {"path":"/home/legato/Documentos/Programación/Personal/Backend + Frontend/Memory-Game-2/express-backend/src/repositories/impl/CoverRepositoryImp.ts","all":false,"statementMap":{"1":{"start":{"line":2,"column":0},"end":{"line":2,"column":53}},"7":{"start":{"line":8,"column":0},"end":{"line":8,"column":60}},"8":{"start":{"line":9,"column":0},"end":{"line":9,"column":28}},"9":{"start":{"line":10,"column":0},"end":{"line":10,"column":20}},"10":{"start":{"line":11,"column":0},"end":{"line":11,"column":49}},"11":{"start":{"line":12,"column":0},"end":{"line":12,"column":46}},"12":{"start":{"line":13,"column":0},"end":{"line":13,"column":25}},"13":{"start":{"line":14,"column":0},"end":{"line":14,"column":21}},"14":{"start":{"line":15,"column":0},"end":{"line":15,"column":13}},"15":{"start":{"line":16,"column":0},"end":{"line":16,"column":29}},"16":{"start":{"line":17,"column":0},"end":{"line":17,"column":51}},"17":{"start":{"line":18,"column":0},"end":{"line":18,"column":3}},"19":{"start":{"line":20,"column":0},"end":{"line":20,"column":20}},"20":{"start":{"line":21,"column":0},"end":{"line":21,"column":21}},"21":{"start":{"line":22,"column":0},"end":{"line":22,"column":26}},"22":{"start":{"line":23,"column":0},"end":{"line":23,"column":25}},"23":{"start":{"line":24,"column":0},"end":{"line":24,"column":20}},"24":{"start":{"line":25,"column":0},"end":{"line":25,"column":40}},"25":{"start":{"line":26,"column":0},"end":{"line":26,"column":25}},"26":{"start":{"line":27,"column":0},"end":{"line":27,"column":35}},"27":{"start":{"line":28,"column":0},"end":{"line":28,"column":34}},"28":{"start":{"line":29,"column":0},"end":{"line":29,"column":6}},"29":{"start":{"line":30,"column":0},"end":{"line":30,"column":3}},"30":{"start":{"line":31,"column":0},"end":{"line":31,"column":1}}},"s":{"1":1,"7":1,"8":1,"9":2,"10":2,"11":2,"12":2,"13":2,"14":2,"15":2,"16":1,"17":2,"19":1,"20":2,"21":2,"22":2,"23":2,"24":2,"25":2,"26":2,"27":2,"28":2,"29":2,"30":1},"branchMap":{"0":{"type":"branch","line":9,"loc":{"start":{"line":9,"column":2},"end":{"line":18,"column":3}},"locations":[{"start":{"line":9,"column":2},"end":{"line":18,"column":3}}]},"1":{"type":"branch","line":16,"loc":{"start":{"line":16,"column":17},"end":{"line":17,"column":51}},"locations":[{"start":{"line":16,"column":17},"end":{"line":17,"column":51}}]},"2":{"type":"branch","line":20,"loc":{"start":{"line":20,"column":2},"end":{"line":30,"column":3}},"locations":[{"start":{"line":20,"column":2},"end":{"line":30,"column":3}}]}},"b":{"0":[2],"1":[1],"2":[2]},"fnMap":{"0":{"name":"findCoverByUsername","decl":{"start":{"line":9,"column":2},"end":{"line":18,"column":3}},"loc":{"start":{"line":9,"column":2},"end":{"line":18,"column":3}},"line":9},"1":{"name":"updateCover","decl":{"start":{"line":20,"column":2},"end":{"line":30,"column":3}},"loc":{"start":{"line":20,"column":2},"end":{"line":30,"column":3}},"line":20}},"f":{"0":2,"1":2}}
,"/home/legato/Documentos/Programación/Personal/Backend + Frontend/Memory-Game-2/express-backend/src/repositories/impl/RecordRepositoryImp.ts": {"path":"/home/legato/Documentos/Programación/Personal/Backend + Frontend/Memory-Game-2/express-backend/src/repositories/impl/RecordRepositoryImp.ts","all":false,"statementMap":{"2":{"start":{"line":3,"column":0},"end":{"line":3,"column":49}},"5":{"start":{"line":6,"column":0},"end":{"line":6,"column":62}},"6":{"start":{"line":7,"column":0},"end":{"line":7,"column":62}},"7":{"start":{"line":8,"column":0},"end":{"line":8,"column":37}},"8":{"start":{"line":9,"column":0},"end":{"line":9,"column":13}},"9":{"start":{"line":10,"column":0},"end":{"line":10,"column":23}},"10":{"start":{"line":11,"column":0},"end":{"line":11,"column":23}},"11":{"start":{"line":12,"column":0},"end":{"line":12,"column":26}},"12":{"start":{"line":13,"column":0},"end":{"line":13,"column":16}},"13":{"start":{"line":14,"column":0},"end":{"line":14,"column":8}},"14":{"start":{"line":15,"column":0},"end":{"line":15,"column":19}},"15":{"start":{"line":16,"column":0},"end":{"line":16,"column":32}},"16":{"start":{"line":17,"column":0},"end":{"line":17,"column":3}},"18":{"start":{"line":19,"column":0},"end":{"line":19,"column":70}},"19":{"start":{"line":20,"column":0},"end":{"line":20,"column":46}},"20":{"start":{"line":21,"column":0},"end":{"line":21,"column":13}},"21":{"start":{"line":22,"column":0},"end":{"line":22,"column":23}},"22":{"start":{"line":23,"column":0},"end":{"line":23,"column":16}},"23":{"start":{"line":24,"column":0},"end":{"line":24,"column":23}},"24":{"start":{"line":25,"column":0},"end":{"line":25,"column":26}},"25":{"start":{"line":26,"column":0},"end":{"line":26,"column":8}},"26":{"start":{"line":27,"column":0},"end":{"line":27,"column":37}},"27":{"start":{"line":28,"column":0},"end":{"line":28,"column":3}},"29":{"start":{"line":30,"column":0},"end":{"line":30,"column":21}},"30":{"start":{"line":31,"column":0},"end":{"line":31,"column":51}},"31":{"start":{"line":32,"column":0},"end":{"line":32,"column":27}},"32":{"start":{"line":33,"column":0},"end":{"line":33,"column":43}},"33":{"start":{"line":34,"column":0},"end":{"line":34,"column":3}},"35":{"start":{"line":36,"column":0},"end":{"line":36,"column":53}},"36":{"start":{"line":37,"column":0},"end":{"line":37,"column":43}},"37":{"start":{"line":38,"column":0},"end":{"line":38,"column":3}},"38":{"start":{"line":39,"column":0},"end":{"line":39,"column":1}}},"s":{"2":1,"5":1,"6":1,"7":1,"8":1,"9":1,"10":1,"11":1,"12":1,"13":1,"14":1,"15":1,"16":1,"18":1,"19":1,"20":1,"21":1,"22":1,"23":1,"24":1,"25":1,"26":1,"27":1,"29":1,"30":1,"31":1,"32":1,"33":1,"35":1,"36":1,"37":1,"38":1},"branchMap":{"0":{"type":"branch","line":7,"loc":{"start":{"line":7,"column":2},"end":{"line":17,"column":3}},"locations":[{"start":{"line":7,"column":2},"end":{"line":17,"column":3}}]},"1":{"type":"branch","line":19,"loc":{"start":{"line":19,"column":2},"end":{"line":28,"column":3}},"locations":[{"start":{"line":19,"column":2},"end":{"line":28,"column":3}}]},"2":{"type":"branch","line":30,"loc":{"start":{"line":30,"column":2},"end":{"line":34,"column":3}},"locations":[{"start":{"line":30,"column":2},"end":{"line":34,"column":3}}]},"3":{"type":"branch","line":36,"loc":{"start":{"line":36,"column":2},"end":{"line":38,"column":3}},"locations":[{"start":{"line":36,"column":2},"end":{"line":38,"column":3}}]}},"b":{"0":[1],"1":[1],"2":[1],"3":[1]},"fnMap":{"0":{"name":"getTopRecords","decl":{"start":{"line":7,"column":2},"end":{"line":17,"column":3}},"loc":{"start":{"line":7,"column":2},"end":{"line":17,"column":3}},"line":7},"1":{"name":"getBestUserRecord","decl":{"start":{"line":19,"column":2},"end":{"line":28,"column":3}},"loc":{"start":{"line":19,"column":2},"end":{"line":28,"column":3}},"line":19},"2":{"name":"createRecord","decl":{"start":{"line":30,"column":2},"end":{"line":34,"column":3}},"loc":{"start":{"line":30,"column":2},"end":{"line":34,"column":3}},"line":30},"3":{"name":"deleteRecordById","decl":{"start":{"line":36,"column":2},"end":{"line":38,"column":3}},"loc":{"start":{"line":36,"column":2},"end":{"line":38,"column":3}},"line":36}},"f":{"0":1,"1":1,"2":1,"3":1}}
,"/home/legato/Documentos/Programación/Personal/Backend + Frontend/Memory-Game-2/express-backend/src/repositories/impl/UserSettingsRepositoryImp.ts": {"path":"/home/legato/Documentos/Programación/Personal/Backend + Frontend/Memory-Game-2/express-backend/src/repositories/impl/UserSettingsRepositoryImp.ts","all":false,"statementMap":{"1":{"start":{"line":2,"column":0},"end":{"line":2,"column":53}},"9":{"start":{"line":10,"column":0},"end":{"line":10,"column":74}},"10":{"start":{"line":11,"column":0},"end":{"line":11,"column":33}},"11":{"start":{"line":12,"column":0},"end":{"line":12,"column":33}},"12":{"start":{"line":13,"column":0},"end":{"line":13,"column":29}},"13":{"start":{"line":14,"column":0},"end":{"line":14,"column":41}},"14":{"start":{"line":15,"column":0},"end":{"line":15,"column":34}},"15":{"start":{"line":16,"column":0},"end":{"line":16,"column":24}},"16":{"start":{"line":17,"column":0},"end":{"line":17,"column":34}},"17":{"start":{"line":18,"column":0},"end":{"line":18,"column":32}},"18":{"start":{"line":19,"column":0},"end":{"line":19,"column":40}},"19":{"start":{"line":20,"column":0},"end":{"line":20,"column":34}},"20":{"start":{"line":21,"column":0},"end":{"line":21,"column":36}},"21":{"start":{"line":22,"column":0},"end":{"line":22,"column":34}},"22":{"start":{"line":23,"column":0},"end":{"line":23,"column":40}},"23":{"start":{"line":24,"column":0},"end":{"line":24,"column":38}},"24":{"start":{"line":25,"column":0},"end":{"line":25,"column":6}},"26":{"start":{"line":27,"column":0},"end":{"line":27,"column":38}},"27":{"start":{"line":28,"column":0},"end":{"line":28,"column":48}},"28":{"start":{"line":29,"column":0},"end":{"line":29,"column":42}},"30":{"start":{"line":31,"column":0},"end":{"line":31,"column":57}},"31":{"start":{"line":32,"column":0},"end":{"line":32,"column":26}},"32":{"start":{"line":33,"column":0},"end":{"line":33,"column":13}},"33":{"start":{"line":34,"column":0},"end":{"line":34,"column":60}},"34":{"start":{"line":35,"column":0},"end":{"line":35,"column":13}},"36":{"start":{"line":37,"column":0},"end":{"line":37,"column":37}},"37":{"start":{"line":38,"column":0},"end":{"line":38,"column":3}},"39":{"start":{"line":40,"column":0},"end":{"line":40,"column":64}},"40":{"start":{"line":41,"column":0},"end":{"line":41,"column":60}},"41":{"start":{"line":42,"column":0},"end":{"line":42,"column":3}},"43":{"start":{"line":44,"column":0},"end":{"line":44,"column":52}},"44":{"start":{"line":45,"column":0},"end":{"line":45,"column":55}},"45":{"start":{"line":46,"column":0},"end":{"line":46,"column":27}},"46":{"start":{"line":47,"column":0},"end":{"line":47,"column":3}},"48":{"start":{"line":49,"column":0},"end":{"line":49,"column":76}},"49":{"start":{"line":50,"column":0},"end":{"line":50,"column":42}},"50":{"start":{"line":51,"column":0},"end":{"line":51,"column":3}},"51":{"start":{"line":52,"column":0},"end":{"line":52,"column":1}}},"s":{"1":1,"9":1,"10":1,"11":1,"12":1,"13":1,"14":1,"15":1,"16":1,"17":1,"18":1,"19":1,"20":1,"21":1,"22":1,"23":1,"24":1,"26":1,"27":1,"28":1,"30":1,"31":1,"32":1,"33":1,"34":1,"36":1,"37":1,"39":1,"40":1,"41":1,"43":1,"44":2,"45":2,"46":2,"48":1,"49":1,"50":1,"51":1},"branchMap":{"0":{"type":"branch","line":11,"loc":{"start":{"line":11,"column":2},"end":{"line":38,"column":3}},"locations":[{"start":{"line":11,"column":2},"end":{"line":38,"column":3}}]},"1":{"type":"branch","line":28,"loc":{"start":{"line":28,"column":6},"end":{"line":28,"column":48}},"locations":[{"start":{"line":28,"column":6},"end":{"line":28,"column":48}}]},"2":{"type":"branch","line":40,"loc":{"start":{"line":40,"column":2},"end":{"line":42,"column":3}},"locations":[{"start":{"line":40,"column":2},"end":{"line":42,"column":3}}]},"3":{"type":"branch","line":44,"loc":{"start":{"line":44,"column":2},"end":{"line":47,"column":3}},"locations":[{"start":{"line":44,"column":2},"end":{"line":47,"column":3}}]},"4":{"type":"branch","line":49,"loc":{"start":{"line":49,"column":2},"end":{"line":51,"column":3}},"locations":[{"start":{"line":49,"column":2},"end":{"line":51,"column":3}}]}},"b":{"0":[1],"1":[0],"2":[1],"3":[2],"4":[1]},"fnMap":{"0":{"name":"saveOrUpdateUserSettings","decl":{"start":{"line":11,"column":2},"end":{"line":38,"column":3}},"loc":{"start":{"line":11,"column":2},"end":{"line":38,"column":3}},"line":11},"1":{"name":"getLatestUserSettings","decl":{"start":{"line":40,"column":2},"end":{"line":42,"column":3}},"loc":{"start":{"line":40,"column":2},"end":{"line":42,"column":3}},"line":40},"2":{"name":"userExists","decl":{"start":{"line":44,"column":2},"end":{"line":47,"column":3}},"loc":{"start":{"line":44,"column":2},"end":{"line":47,"column":3}},"line":44},"3":{"name":"getUserSettingsByName","decl":{"start":{"line":49,"column":2},"end":{"line":51,"column":3}},"loc":{"start":{"line":49,"column":2},"end":{"line":51,"column":3}},"line":49}},"f":{"0":1,"1":1,"2":2,"3":1}}
,"/home/legato/Documentos/Programación/Personal/Backend + Frontend/Memory-Game-2/express-backend/src/routes/coverRoutes.ts": {"path":"/home/legato/Documentos/Programación/Personal/Backend + Frontend/Memory-Game-2/express-backend/src/routes/coverRoutes.ts","all":false,"statementMap":{"1":{"start":{"line":2,"column":0},"end":{"line":2,"column":33}},"2":{"start":{"line":3,"column":0},"end":{"line":3,"column":43}},"3":{"start":{"line":4,"column":0},"end":{"line":4,"column":61}},"4":{"start":{"line":5,"column":0},"end":{"line":5,"column":73}},"6":{"start":{"line":7,"column":0},"end":{"line":7,"column":24}},"11":{"start":{"line":12,"column":0},"end":{"line":12,"column":12}},"12":{"start":{"line":13,"column":0},"end":{"line":13,"column":6}},"13":{"start":{"line":14,"column":0},"end":{"line":14,"column":30}},"14":{"start":{"line":15,"column":0},"end":{"line":15,"column":37}},"15":{"start":{"line":16,"column":0},"end":{"line":16,"column":2}},"17":{"start":{"line":18,"column":0},"end":{"line":18,"column":22}}},"s":{"1":1,"2":1,"3":1,"4":1,"6":1,"11":1,"12":1,"13":1,"14":1,"15":1,"17":1},"branchMap":{},"b":{},"fnMap":{},"f":{}}
,"/home/legato/Documentos/Programación/Personal/Backend + Frontend/Memory-Game-2/express-backend/src/routes/recordRoutes.ts": {"path":"/home/legato/Documentos/Programación/Personal/Backend + Frontend/Memory-Game-2/express-backend/src/routes/recordRoutes.ts","all":false,"statementMap":{"1":{"start":{"line":2,"column":0},"end":{"line":2,"column":33}},"2":{"start":{"line":3,"column":0},"end":{"line":3,"column":8}},"7":{"start":{"line":8,"column":0},"end":{"line":8,"column":75}},"9":{"start":{"line":10,"column":0},"end":{"line":10,"column":24}},"11":{"start":{"line":12,"column":0},"end":{"line":12,"column":46}},"13":{"start":{"line":14,"column":0},"end":{"line":14,"column":65}},"14":{"start":{"line":15,"column":0},"end":{"line":15,"column":66}},"15":{"start":{"line":16,"column":0},"end":{"line":16,"column":91}},"17":{"start":{"line":18,"column":0},"end":{"line":18,"column":22}}},"s":{"1":1,"2":1,"7":1,"9":1,"11":1,"13":1,"14":1,"15":1,"17":1},"branchMap":{},"b":{},"fnMap":{},"f":{}}
,"/home/legato/Documentos/Programación/Personal/Backend + Frontend/Memory-Game-2/express-backend/src/routes/userSettingsRoutes.ts": {"path":"/home/legato/Documentos/Programación/Personal/Backend + Frontend/Memory-Game-2/express-backend/src/routes/userSettingsRoutes.ts","all":false,"statementMap":{"1":{"start":{"line":2,"column":0},"end":{"line":2,"column":33}},"2":{"start":{"line":3,"column":0},"end":{"line":3,"column":8}},"8":{"start":{"line":9,"column":0},"end":{"line":9,"column":87}},"10":{"start":{"line":11,"column":0},"end":{"line":11,"column":24}},"11":{"start":{"line":12,"column":0},"end":{"line":12,"column":46}},"13":{"start":{"line":14,"column":0},"end":{"line":14,"column":67}},"14":{"start":{"line":15,"column":0},"end":{"line":15,"column":85}},"15":{"start":{"line":16,"column":0},"end":{"line":16,"column":93}},"16":{"start":{"line":17,"column":0},"end":{"line":17,"column":89}},"18":{"start":{"line":19,"column":0},"end":{"line":19,"column":22}}},"s":{"1":1,"2":1,"8":1,"10":1,"11":1,"13":1,"14":1,"15":1,"16":1,"18":1},"branchMap":{},"b":{},"fnMap":{},"f":{}}
,"/home/legato/Documentos/Programación/Personal/Backend + Frontend/Memory-Game-2/express-backend/src/services/impl/coverServiceImp.ts": {"path":"/home/legato/Documentos/Programación/Personal/Backend + Frontend/Memory-Game-2/express-backend/src/services/impl/coverServiceImp.ts","all":false,"statementMap":{"3":{"start":{"line":4,"column":0},"end":{"line":4,"column":80}},"4":{"start":{"line":5,"column":0},"end":{"line":5,"column":54}},"5":{"start":{"line":6,"column":0},"end":{"line":6,"column":49}},"10":{"start":{"line":11,"column":0},"end":{"line":11,"column":54}},"13":{"start":{"line":14,"column":0},"end":{"line":14,"column":76}},"14":{"start":{"line":15,"column":0},"end":{"line":15,"column":43}},"15":{"start":{"line":16,"column":0},"end":{"line":16,"column":3}},"17":{"start":{"line":18,"column":0},"end":{"line":18,"column":27}},"18":{"start":{"line":19,"column":0},"end":{"line":19,"column":21}},"19":{"start":{"line":20,"column":0},"end":{"line":20,"column":20}},"20":{"start":{"line":21,"column":0},"end":{"line":21,"column":22}},"21":{"start":{"line":22,"column":0},"end":{"line":22,"column":50}},"22":{"start":{"line":23,"column":0},"end":{"line":23,"column":71}},"25":{"start":{"line":26,"column":0},"end":{"line":26,"column":79}},"28":{"start":{"line":29,"column":0},"end":{"line":29,"column":47}},"29":{"start":{"line":30,"column":0},"end":{"line":30,"column":52}},"30":{"start":{"line":31,"column":0},"end":{"line":31,"column":18}},"31":{"start":{"line":32,"column":0},"end":{"line":32,"column":31}},"32":{"start":{"line":33,"column":0},"end":{"line":33,"column":8}},"33":{"start":{"line":34,"column":0},"end":{"line":34,"column":34}},"34":{"start":{"line":35,"column":0},"end":{"line":35,"column":5}},"37":{"start":{"line":38,"column":0},"end":{"line":38,"column":75}},"39":{"start":{"line":40,"column":0},"end":{"line":40,"column":20}},"40":{"start":{"line":41,"column":0},"end":{"line":41,"column":3}},"41":{"start":{"line":42,"column":0},"end":{"line":42,"column":1}}},"s":{"3":1,"4":1,"5":1,"10":1,"13":1,"14":7,"15":7,"17":1,"18":6,"19":6,"20":6,"21":6,"22":6,"25":4,"28":6,"29":1,"30":1,"31":1,"32":1,"33":1,"34":1,"37":4,"39":3,"40":6,"41":1},"branchMap":{"0":{"type":"branch","line":14,"loc":{"start":{"line":14,"column":2},"end":{"line":16,"column":3}},"locations":[{"start":{"line":14,"column":2},"end":{"line":16,"column":3}}]},"1":{"type":"branch","line":18,"loc":{"start":{"line":18,"column":2},"end":{"line":41,"column":3}},"locations":[{"start":{"line":18,"column":2},"end":{"line":41,"column":3}}]},"2":{"type":"branch","line":22,"loc":{"start":{"line":22,"column":9},"end":{"line":22,"column":50}},"locations":[{"start":{"line":22,"column":9},"end":{"line":22,"column":50}}]},"3":{"type":"branch","line":23,"loc":{"start":{"line":23,"column":6},"end":{"line":23,"column":71}},"locations":[{"start":{"line":23,"column":6},"end":{"line":23,"column":71}}]},"4":{"type":"branch","line":23,"loc":{"start":{"line":23,"column":69},"end":{"line":29,"column":21}},"locations":[{"start":{"line":23,"column":69},"end":{"line":29,"column":21}}]},"5":{"type":"branch","line":29,"loc":{"start":{"line":29,"column":8},"end":{"line":29,"column":46}},"locations":[{"start":{"line":29,"column":8},"end":{"line":29,"column":46}}]},"6":{"type":"branch","line":29,"loc":{"start":{"line":29,"column":46},"end":{"line":35,"column":5}},"locations":[{"start":{"line":29,"column":46},"end":{"line":35,"column":5}}]},"7":{"type":"branch","line":35,"loc":{"start":{"line":35,"column":4},"end":{"line":38,"column":75}},"locations":[{"start":{"line":35,"column":4},"end":{"line":38,"column":75}}]},"8":{"type":"branch","line":38,"loc":{"start":{"line":38,"column":73},"end":{"line":40,"column":20}},"locations":[{"start":{"line":38,"column":73},"end":{"line":40,"column":20}}]}},"b":{"0":[7],"1":[6],"2":[5],"3":[2],"4":[4],"5":[2],"6":[1],"7":[4],"8":[3]},"fnMap":{"0":{"name":"CoverServiceImp","decl":{"start":{"line":14,"column":2},"end":{"line":16,"column":3}},"loc":{"start":{"line":14,"column":2},"end":{"line":16,"column":3}},"line":14},"1":{"name":"processCoverUpload","decl":{"start":{"line":18,"column":2},"end":{"line":41,"column":3}},"loc":{"start":{"line":18,"column":2},"end":{"line":41,"column":3}},"line":18}},"f":{"0":7,"1":6}}
,"/home/legato/Documentos/Programación/Personal/Backend + Frontend/Memory-Game-2/express-backend/src/services/impl/recordServiceImp.ts": {"path":"/home/legato/Documentos/Programación/Personal/Backend + Frontend/Memory-Game-2/express-backend/src/services/impl/recordServiceImp.ts","all":false,"statementMap":{"4":{"start":{"line":5,"column":0},"end":{"line":5,"column":60}},"6":{"start":{"line":7,"column":0},"end":{"line":7,"column":56}},"9":{"start":{"line":10,"column":0},"end":{"line":10,"column":45}},"10":{"start":{"line":11,"column":0},"end":{"line":11,"column":33}},"11":{"start":{"line":12,"column":0},"end":{"line":12,"column":3}},"13":{"start":{"line":14,"column":0},"end":{"line":14,"column":19}},"14":{"start":{"line":15,"column":0},"end":{"line":15,"column":23}},"15":{"start":{"line":16,"column":0},"end":{"line":16,"column":51}},"16":{"start":{"line":17,"column":0},"end":{"line":17,"column":51}},"17":{"start":{"line":18,"column":0},"end":{"line":18,"column":25}},"18":{"start":{"line":19,"column":0},"end":{"line":19,"column":20}},"19":{"start":{"line":20,"column":0},"end":{"line":20,"column":11}},"20":{"start":{"line":21,"column":0},"end":{"line":21,"column":66}},"21":{"start":{"line":22,"column":0},"end":{"line":22,"column":51}},"24":{"start":{"line":25,"column":0},"end":{"line":25,"column":63}},"26":{"start":{"line":27,"column":0},"end":{"line":27,"column":26}},"27":{"start":{"line":28,"column":0},"end":{"line":28,"column":31}},"28":{"start":{"line":29,"column":0},"end":{"line":29,"column":23}},"29":{"start":{"line":30,"column":0},"end":{"line":30,"column":10}},"30":{"start":{"line":31,"column":0},"end":{"line":31,"column":53}},"31":{"start":{"line":32,"column":0},"end":{"line":32,"column":33}},"32":{"start":{"line":33,"column":0},"end":{"line":33,"column":9}},"33":{"start":{"line":34,"column":0},"end":{"line":34,"column":43}},"34":{"start":{"line":35,"column":0},"end":{"line":35,"column":43}},"35":{"start":{"line":36,"column":0},"end":{"line":36,"column":49}},"36":{"start":{"line":37,"column":0},"end":{"line":37,"column":31}},"37":{"start":{"line":38,"column":0},"end":{"line":38,"column":10}},"38":{"start":{"line":39,"column":0},"end":{"line":39,"column":9}},"39":{"start":{"line":40,"column":0},"end":{"line":40,"column":38}},"40":{"start":{"line":41,"column":0},"end":{"line":41,"column":38}},"41":{"start":{"line":42,"column":0},"end":{"line":42,"column":44}},"42":{"start":{"line":43,"column":0},"end":{"line":43,"column":26}},"43":{"start":{"line":44,"column":0},"end":{"line":44,"column":9}},"44":{"start":{"line":45,"column":0},"end":{"line":45,"column":8}},"45":{"start":{"line":46,"column":0},"end":{"line":46,"column":26}},"46":{"start":{"line":47,"column":0},"end":{"line":47,"column":5}},"48":{"start":{"line":49,"column":0},"end":{"line":49,"column":19}},"49":{"start":{"line":50,"column":0},"end":{"line":50,"column":55}},"51":{"start":{"line":52,"column":0},"end":{"line":52,"column":35}},"52":{"start":{"line":53,"column":0},"end":{"line":53,"column":54}},"53":{"start":{"line":54,"column":0},"end":{"line":54,"column":67}},"54":{"start":{"line":55,"column":0},"end":{"line":55,"column":5}},"56":{"start":{"line":57,"column":0},"end":{"line":57,"column":50}},"57":{"start":{"line":58,"column":0},"end":{"line":58,"column":27}},"58":{"start":{"line":59,"column":0},"end":{"line":59,"column":3}},"60":{"start":{"line":61,"column":0},"end":{"line":61,"column":49}},"61":{"start":{"line":62,"column":0},"end":{"line":62,"column":45}},"62":{"start":{"line":63,"column":0},"end":{"line":63,"column":3}},"64":{"start":{"line":65,"column":0},"end":{"line":65,"column":70}},"65":{"start":{"line":66,"column":0},"end":{"line":66,"column":51}},"66":{"start":{"line":67,"column":0},"end":{"line":67,"column":3}},"67":{"start":{"line":68,"column":0},"end":{"line":68,"column":1}}},"s":{"4":1,"6":1,"9":1,"10":10,"11":10,"13":1,"14":6,"15":6,"16":6,"17":6,"18":6,"19":1,"20":5,"21":6,"24":6,"26":5,"27":5,"28":6,"29":2,"30":2,"31":2,"32":2,"33":2,"34":2,"35":2,"36":2,"37":2,"38":2,"39":2,"40":2,"41":2,"42":2,"43":2,"44":2,"45":2,"46":2,"48":5,"49":6,"51":6,"52":1,"53":1,"54":1,"56":4,"57":4,"58":6,"60":1,"61":1,"62":1,"64":1,"65":1,"66":1,"67":1},"branchMap":{"0":{"type":"branch","line":10,"loc":{"start":{"line":10,"column":2},"end":{"line":12,"column":3}},"locations":[{"start":{"line":10,"column":2},"end":{"line":12,"column":3}}]},"1":{"type":"branch","line":14,"loc":{"start":{"line":14,"column":2},"end":{"line":59,"column":3}},"locations":[{"start":{"line":14,"column":2},"end":{"line":59,"column":3}}]},"2":{"type":"branch","line":19,"loc":{"start":{"line":19,"column":19},"end":{"line":20,"column":11}},"locations":[{"start":{"line":19,"column":19},"end":{"line":20,"column":11}}]},"3":{"type":"branch","line":20,"loc":{"start":{"line":20,"column":10},"end":{"line":21,"column":66}},"locations":[{"start":{"line":20,"column":10},"end":{"line":21,"column":66}}]},"4":{"type":"branch","line":25,"loc":{"start":{"line":25,"column":61},"end":{"line":29,"column":18}},"locations":[{"start":{"line":25,"column":61},"end":{"line":29,"column":18}}]},"5":{"type":"branch","line":29,"loc":{"start":{"line":29,"column":6},"end":{"line":29,"column":23}},"locations":[{"start":{"line":29,"column":6},"end":{"line":29,"column":23}}]},"6":{"type":"branch","line":29,"loc":{"start":{"line":29,"column":18},"end":{"line":47,"column":5}},"locations":[{"start":{"line":29,"column":18},"end":{"line":47,"column":5}}]},"7":{"type":"branch","line":47,"loc":{"start":{"line":47,"column":4},"end":{"line":50,"column":13}},"locations":[{"start":{"line":47,"column":4},"end":{"line":50,"column":13}}]},"8":{"type":"branch","line":50,"loc":{"start":{"line":50,"column":6},"end":{"line":50,"column":55}},"locations":[{"start":{"line":50,"column":6},"end":{"line":50,"column":55}}]},"9":{"type":"branch","line":50,"loc":{"start":{"line":50,"column":53},"end":{"line":52,"column":34}},"locations":[{"start":{"line":50,"column":53},"end":{"line":52,"column":34}}]},"10":{"type":"branch","line":52,"loc":{"start":{"line":52,"column":34},"end":{"line":55,"column":5}},"locations":[{"start":{"line":52,"column":34},"end":{"line":55,"column":5}}]},"11":{"type":"branch","line":55,"loc":{"start":{"line":55,"column":4},"end":{"line":58,"column":27}},"locations":[{"start":{"line":55,"column":4},"end":{"line":58,"column":27}}]},"12":{"type":"branch","line":61,"loc":{"start":{"line":61,"column":2},"end":{"line":63,"column":3}},"locations":[{"start":{"line":61,"column":2},"end":{"line":63,"column":3}}]},"13":{"type":"branch","line":65,"loc":{"start":{"line":65,"column":2},"end":{"line":67,"column":3}},"locations":[{"start":{"line":65,"column":2},"end":{"line":67,"column":3}}]}},"b":{"0":[10],"1":[6],"2":[1],"3":[5],"4":[5],"5":[3],"6":[2],"7":[5],"8":[1],"9":[4],"10":[1],"11":[4],"12":[1],"13":[1]},"fnMap":{"0":{"name":"RecordServiceImp","decl":{"start":{"line":10,"column":2},"end":{"line":12,"column":3}},"loc":{"start":{"line":10,"column":2},"end":{"line":12,"column":3}},"line":10},"1":{"name":"saveRecord","decl":{"start":{"line":14,"column":2},"end":{"line":59,"column":3}},"loc":{"start":{"line":14,"column":2},"end":{"line":59,"column":3}},"line":14},"2":{"name":"getTopRecords","decl":{"start":{"line":61,"column":2},"end":{"line":63,"column":3}},"loc":{"start":{"line":61,"column":2},"end":{"line":63,"column":3}},"line":61},"3":{"name":"getBestUserRecord","decl":{"start":{"line":65,"column":2},"end":{"line":67,"column":3}},"loc":{"start":{"line":65,"column":2},"end":{"line":67,"column":3}},"line":65}},"f":{"0":10,"1":6,"2":1,"3":1}}
,"/home/legato/Documentos/Programación/Personal/Backend + Frontend/Memory-Game-2/express-backend/src/services/impl/userSettingsServiceImp.ts": {"path":"/home/legato/Documentos/Programación/Personal/Backend + Frontend/Memory-Game-2/express-backend/src/services/impl/userSettingsServiceImp.ts","all":false,"statementMap":{"8":{"start":{"line":9,"column":0},"end":{"line":9,"column":68}},"11":{"start":{"line":12,"column":0},"end":{"line":12,"column":51}},"12":{"start":{"line":13,"column":0},"end":{"line":13,"column":33}},"13":{"start":{"line":14,"column":0},"end":{"line":14,"column":3}},"15":{"start":{"line":16,"column":0},"end":{"line":16,"column":33}},"16":{"start":{"line":17,"column":0},"end":{"line":17,"column":33}},"17":{"start":{"line":18,"column":0},"end":{"line":18,"column":29}},"18":{"start":{"line":19,"column":0},"end":{"line":19,"column":58}},"19":{"start":{"line":20,"column":0},"end":{"line":20,"column":3}},"21":{"start":{"line":22,"column":0},"end":{"line":22,"column":64}},"22":{"start":{"line":23,"column":0},"end":{"line":23,"column":51}},"23":{"start":{"line":24,"column":0},"end":{"line":24,"column":3}},"25":{"start":{"line":26,"column":0},"end":{"line":26,"column":52}},"26":{"start":{"line":27,"column":0},"end":{"line":27,"column":44}},"27":{"start":{"line":28,"column":0},"end":{"line":28,"column":3}},"29":{"start":{"line":30,"column":0},"end":{"line":30,"column":76}},"30":{"start":{"line":31,"column":0},"end":{"line":31,"column":55}},"31":{"start":{"line":32,"column":0},"end":{"line":32,"column":3}},"32":{"start":{"line":33,"column":0},"end":{"line":33,"column":1}}},"s":{"8":1,"11":1,"12":7,"13":7,"15":1,"16":2,"17":2,"18":2,"19":2,"21":1,"22":1,"23":1,"25":1,"26":1,"27":1,"29":1,"30":1,"31":1,"32":1},"branchMap":{"0":{"type":"branch","line":12,"loc":{"start":{"line":12,"column":2},"end":{"line":14,"column":3}},"locations":[{"start":{"line":12,"column":2},"end":{"line":14,"column":3}}]},"1":{"type":"branch","line":16,"loc":{"start":{"line":16,"column":2},"end":{"line":20,"column":3}},"locations":[{"start":{"line":16,"column":2},"end":{"line":20,"column":3}}]},"2":{"type":"branch","line":22,"loc":{"start":{"line":22,"column":2},"end":{"line":24,"column":3}},"locations":[{"start":{"line":22,"column":2},"end":{"line":24,"column":3}}]},"3":{"type":"branch","line":26,"loc":{"start":{"line":26,"column":2},"end":{"line":28,"column":3}},"locations":[{"start":{"line":26,"column":2},"end":{"line":28,"column":3}}]},"4":{"type":"branch","line":30,"loc":{"start":{"line":30,"column":2},"end":{"line":32,"column":3}},"locations":[{"start":{"line":30,"column":2},"end":{"line":32,"column":3}}]}},"b":{"0":[7],"1":[2],"2":[1],"3":[1],"4":[1]},"fnMap":{"0":{"name":"UserSettingsServiceImp","decl":{"start":{"line":12,"column":2},"end":{"line":14,"column":3}},"loc":{"start":{"line":12,"column":2},"end":{"line":14,"column":3}},"line":12},"1":{"name":"saveOrUpdateUserSettings","decl":{"start":{"line":16,"column":2},"end":{"line":20,"column":3}},"loc":{"start":{"line":16,"column":2},"end":{"line":20,"column":3}},"line":16},"2":{"name":"getLatestUserSettings","decl":{"start":{"line":22,"column":2},"end":{"line":24,"column":3}},"loc":{"start":{"line":22,"column":2},"end":{"line":24,"column":3}},"line":22},"3":{"name":"userExists","decl":{"start":{"line":26,"column":2},"end":{"line":28,"column":3}},"loc":{"start":{"line":26,"column":2},"end":{"line":28,"column":3}},"line":26},"4":{"name":"getUserSettingsByName","decl":{"start":{"line":30,"column":2},"end":{"line":32,"column":3}},"loc":{"start":{"line":30,"column":2},"end":{"line":32,"column":3}},"line":30}},"f":{"0":7,"1":2,"2":1,"3":1,"4":1}}
,"/home/legato/Documentos/Programación/Personal/Backend + Frontend/Memory-Game-2/express-backend/src/utils/FileManager.ts": {"path":"/home/legato/Documentos/Programación/Personal/Backend + Frontend/Memory-Game-2/express-backend/src/utils/FileManager.ts","all":false,"statementMap":{"1":{"start":{"line":2,"column":0},"end":{"line":2,"column":20}},"2":{"start":{"line":3,"column":0},"end":{"line":3,"column":24}},"4":{"start":{"line":5,"column":0},"end":{"line":5,"column":26}},"8":{"start":{"line":9,"column":0},"end":{"line":9,"column":44}},"9":{"start":{"line":10,"column":0},"end":{"line":10,"column":35}},"10":{"start":{"line":11,"column":0},"end":{"line":11,"column":3}},"15":{"start":{"line":16,"column":0},"end":{"line":16,"column":41}},"16":{"start":{"line":17,"column":0},"end":{"line":17,"column":33}},"17":{"start":{"line":18,"column":0},"end":{"line":18,"column":30}},"18":{"start":{"line":19,"column":0},"end":{"line":19,"column":3}},"23":{"start":{"line":24,"column":0},"end":{"line":24,"column":72}},"24":{"start":{"line":25,"column":0},"end":{"line":25,"column":73}},"25":{"start":{"line":26,"column":0},"end":{"line":26,"column":3}},"26":{"start":{"line":27,"column":0},"end":{"line":27,"column":1}}},"s":{"1":1,"2":1,"4":1,"8":1,"9":2,"10":2,"15":1,"16":2,"17":2,"18":2,"23":1,"24":1,"25":1,"26":1},"branchMap":{"0":{"type":"branch","line":9,"loc":{"start":{"line":9,"column":9},"end":{"line":11,"column":3}},"locations":[{"start":{"line":9,"column":9},"end":{"line":11,"column":3}}]},"1":{"type":"branch","line":16,"loc":{"start":{"line":16,"column":9},"end":{"line":19,"column":3}},"locations":[{"start":{"line":16,"column":9},"end":{"line":19,"column":3}}]},"2":{"type":"branch","line":18,"loc":{"start":{"line":18,"column":6},"end":{"line":18,"column":30}},"locations":[{"start":{"line":18,"column":6},"end":{"line":18,"column":30}}]},"3":{"type":"branch","line":24,"loc":{"start":{"line":24,"column":9},"end":{"line":26,"column":3}},"locations":[{"start":{"line":24,"column":9},"end":{"line":26,"column":3}}]}},"b":{"0":[2],"1":[2],"2":[1],"3":[1]},"fnMap":{"0":{"name":"exists","decl":{"start":{"line":9,"column":9},"end":{"line":11,"column":3}},"loc":{"start":{"line":9,"column":9},"end":{"line":11,"column":3}},"line":9},"1":{"name":"delete","decl":{"start":{"line":16,"column":9},"end":{"line":19,"column":3}},"loc":{"start":{"line":16,"column":9},"end":{"line":19,"column":3}},"line":16},"2":{"name":"getCoverImagePath","decl":{"start":{"line":24,"column":9},"end":{"line":26,"column":3}},"loc":{"start":{"line":24,"column":9},"end":{"line":26,"column":3}},"line":24}},"f":{"0":2,"1":2,"2":1}}
,"/home/legato/Documentos/Programación/Personal/Backend + Frontend/Memory-Game-2/express-backend/src/utils/compareRecords.ts": {"path":"/home/legato/Documentos/Programación/Personal/Backend + Frontend/Memory-Game-2/express-backend/src/utils/compareRecords.ts","all":false,"statementMap":{"3":{"start":{"line":4,"column":0},"end":{"line":4,"column":31}},"4":{"start":{"line":5,"column":0},"end":{"line":5,"column":26}},"5":{"start":{"line":6,"column":0},"end":{"line":6,"column":25}},"6":{"start":{"line":7,"column":0},"end":{"line":7,"column":11}},"8":{"start":{"line":9,"column":0},"end":{"line":9,"column":72}},"10":{"start":{"line":11,"column":0},"end":{"line":11,"column":72}},"12":{"start":{"line":13,"column":0},"end":{"line":13,"column":42}},"13":{"start":{"line":14,"column":0},"end":{"line":14,"column":45}},"15":{"start":{"line":16,"column":0},"end":{"line":16,"column":48}},"16":{"start":{"line":17,"column":0},"end":{"line":17,"column":11}},"17":{"start":{"line":18,"column":0},"end":{"line":18,"column":1}}},"s":{"3":1,"4":9,"5":9,"6":9,"8":9,"10":9,"12":5,"13":9,"15":9,"16":1,"17":1},"branchMap":{"0":{"type":"branch","line":4,"loc":{"start":{"line":4,"column":7},"end":{"line":18,"column":1}},"locations":[{"start":{"line":4,"column":7},"end":{"line":18,"column":1}}]},"1":{"type":"branch","line":9,"loc":{"start":{"line":9,"column":37},"end":{"line":9,"column":72}},"locations":[{"start":{"line":9,"column":37},"end":{"line":9,"column":72}}]},"2":{"type":"branch","line":9,"loc":{"start":{"line":9,"column":61},"end":{"line":11,"column":44}},"locations":[{"start":{"line":9,"column":61},"end":{"line":11,"column":44}}]},"3":{"type":"branch","line":11,"loc":{"start":{"line":11,"column":37},"end":{"line":11,"column":72}},"locations":[{"start":{"line":11,"column":37},"end":{"line":11,"column":72}}]},"4":{"type":"branch","line":11,"loc":{"start":{"line":11,"column":61},"end":{"line":14,"column":11}},"locations":[{"start":{"line":11,"column":61},"end":{"line":14,"column":11}}]},"5":{"type":"branch","line":14,"loc":{"start":{"line":14,"column":4},"end":{"line":14,"column":45}},"locations":[{"start":{"line":14,"column":4},"end":{"line":14,"column":45}}]},"6":{"type":"branch","line":14,"loc":{"start":{"line":14,"column":31},"end":{"line":16,"column":32}},"locations":[{"start":{"line":14,"column":31},"end":{"line":16,"column":32}}]},"7":{"type":"branch","line":16,"loc":{"start":{"line":16,"column":25},"end":{"line":16,"column":48}},"locations":[{"start":{"line":16,"column":25},"end":{"line":16,"column":48}}]},"8":{"type":"branch","line":16,"loc":{"start":{"line":16,"column":43},"end":{"line":18,"column":1}},"locations":[{"start":{"line":16,"column":43},"end":{"line":18,"column":1}}]}},"b":{"0":[9],"1":[2],"2":[7],"3":[2],"4":[5],"5":[2],"6":[3],"7":[2],"8":[1]},"fnMap":{"0":{"name":"compareRecords","decl":{"start":{"line":4,"column":7},"end":{"line":18,"column":1}},"loc":{"start":{"line":4,"column":7},"end":{"line":18,"column":1}},"line":4}},"f":{"0":9}}
,"/home/legato/Documentos/Programación/Personal/Backend + Frontend/Memory-Game-2/express-backend/src/utils/rootPath.ts": {"path":"/home/legato/Documentos/Programación/Personal/Backend + Frontend/Memory-Game-2/express-backend/src/utils/rootPath.ts","all":false,"statementMap":{"1":{"start":{"line":2,"column":0},"end":{"line":2,"column":24}},"3":{"start":{"line":4,"column":0},"end":{"line":4,"column":56}}},"s":{"1":1,"3":1},"branchMap":{},"b":{},"fnMap":{},"f":{}}
}
